c:\users\admin\documents\github\maptest\map\x64\debug\vc141.pdb
c:\users\admin\documents\github\maptest\map\x64\debug\vc141.idb
c:\users\admin\documents\github\maptest\map\x64\debug\world11.obj
c:\users\admin\documents\github\maptest\map\x64\debug\winmain.obj
c:\users\admin\documents\github\maptest\map\x64\debug\scenemanager.obj
c:\users\admin\documents\github\maptest\map\x64\debug\scene.obj
c:\users\admin\documents\github\maptest\map\x64\debug\playerjumpingstate.obj
c:\users\admin\documents\github\maptest\map\x64\debug\playerdata.obj
c:\users\admin\documents\github\maptest\map\x64\debug\player.obj
c:\users\admin\documents\github\maptest\map\x64\debug\gamemanager.obj
c:\users\admin\documents\github\maptest\map\x64\debug\texture.obj
c:\users\admin\documents\github\maptest\map\x64\debug\supporter.obj
c:\users\admin\documents\github\maptest\map\x64\debug\sprite.obj
c:\users\admin\documents\github\maptest\map\x64\debug\gametimer.obj
c:\users\admin\documents\github\maptest\map\x64\debug\directinput.obj
c:\users\admin\documents\github\maptest\map\x64\debug\debug.obj
c:\users\admin\documents\github\maptest\map\x64\debug\d3d.obj
c:\users\admin\documents\github\maptest\map\x64\debug\animation.obj
c:\users\admin\documents\github\maptest\map\x64\debug\entity.obj
c:\users\admin\documents\github\maptest\map\x64\debug\worldmap.obj
c:\users\admin\documents\github\maptest\map\x64\debug\playerstate.obj
c:\users\admin\documents\github\maptest\map\x64\debug\playerrunningstate.obj
c:\users\admin\documents\github\maptest\map\x64\debug\playeridlestate.obj
c:\users\admin\documents\github\maptest\map\x64\debug\map.tlog\cl.command.1.tlog
c:\users\admin\documents\github\maptest\map\x64\debug\map.tlog\cl.read.1.tlog
c:\users\admin\documents\github\maptest\map\x64\debug\map.tlog\cl.write.1.tlog
